<?xml version="1.0" encoding="UTF-8"?>
<!-- Generated by org.testng.reporters.JUnitReportReporter -->
<testsuite skipped="0" hostname="wins-PC" name="demoJenkins.demoJenkinsJob" tests="1" failures="0" timestamp="21 Apr 2020 04:28:11 GMT" time="0.014" errors="0">
  <testcase name="testJenkins" time="0.014" classname="demoJenkins.demoJenkinsJob"/>
</testsuite> <!-- demoJenkins.demoJenkinsJob -->
